Using pre-set license
Built from '2021.1/staging' branch; Version is '2021.1.2f1 (e5d502d80fbb) revision 15062274'; Using compiler version '192528614'; Build Type 'Release'
OS: 'Windows 10 Home; OS build 19043.1586; Version 2009; 64bit' Language: 'en' Physical Memory: 31635 MB
BatchMode: 1, IsHumanControllingUs: 0, StartBugReporterOnCrash: 0, Is64bit: 1, IsPro: 0

 COMMAND LINE ARGUMENTS:
C:\Program Files\Unity\2021.1.2f1\Editor\Unity.exe
-adb2
-batchMode
-noUpm
-name
AssetImportWorker0
-projectPath
C:/Users/parke/Documents/GitHub/Scouting App Final
-logFile
Logs/AssetImportWorker0.log
-srvPort
54219
Successfully changed project path to: C:/Users/parke/Documents/GitHub/Scouting App Final
C:/Users/parke/Documents/GitHub/Scouting App Final
Using Asset Import Pipeline V2.
Refreshing native plugins compatible for Editor in 159.73 ms, found 2 plugins.
Preloading 0 native plugins for Editor in 0.00 ms.
Initialize engine version: 2021.1.2f1 (e5d502d80fbb)
[Subsystems] Discovering subsystems at path C:/Program Files/Unity/2021.1.2f1/Editor/Data/Resources/UnitySubsystems
[Subsystems] Discovering subsystems at path C:/Users/parke/Documents/GitHub/Scouting App Final/Assets
GfxDevice: creating device client; threaded=0; jobified=0
Direct3D:
    Version:  Direct3D 11.0 [level 11.1]
    Renderer: AMD Radeon(TM) Vega 8 Graphics (ID=0x15dd)
    Vendor:   ATI
    VRAM:     15817 MB
    Driver:   30.0.13023.4001
Initialize mono
Mono path[0] = 'C:/Program Files/Unity/2021.1.2f1/Editor/Data/Managed'
Mono path[1] = 'C:/Program Files/Unity/2021.1.2f1/Editor/Data/MonoBleedingEdge/lib/mono/unityjit'
Mono config path = 'C:/Program Files/Unity/2021.1.2f1/Editor/Data/MonoBleedingEdge/etc'
Using monoOptions --debugger-agent=transport=dt_socket,embedding=1,server=y,suspend=n,address=127.0.0.1:56148
Begin MonoManager ReloadAssembly
Registering precompiled unity dll's ...
Register platform support module: C:/Program Files/Unity/2021.1.2f1/Editor/Data/PlaybackEngines/WindowsStandaloneSupport/UnityEditor.WindowsStandalone.Extensions.dll
Registered in 0.005844 seconds.
Native extension for WindowsStandalone target not found
Refreshing native plugins compatible for Editor in 158.93 ms, found 2 plugins.
Preloading 0 native plugins for Editor in 0.00 ms.
Mono: successfully reloaded assembly
- Completed reload, in  4.117 seconds
Platform modules already initialized, skipping
Registering precompiled user dll's ...
Registered in 0.013473 seconds.
Begin MonoManager ReloadAssembly
Native extension for WindowsStandalone target not found
Refreshing native plugins compatible for Editor in 175.39 ms, found 2 plugins.
Preloading 0 native plugins for Editor in 0.00 ms.
Mono: successfully reloaded assembly
- Completed reload, in  3.950 seconds
Platform modules already initialized, skipping
========================================================================
Worker process is ready to serve import requests
Launched and connected shader compiler UnityShaderCompiler.exe after 0.12 seconds
Refreshing native plugins compatible for Editor in 1.28 ms, found 2 plugins.
Preloading 0 native plugins for Editor in 0.00 ms.
Unloading 3500 Unused Serialized files (Serialized files now loaded: 0)
System memory in use before: 133.2 MB.
System memory in use after: 133.4 MB.

Unloading 37 unused Assets to reduce memory usage. Loaded Objects now: 3945.
Total: 6.292200 ms (FindLiveObjects: 0.508500 ms CreateObjectMapping: 0.320700 ms MarkObjects: 5.318600 ms  DeleteObjects: 0.142300 ms)

========================================================================
Received Import Request.
  path: Assets/Scripts/ExitButton.cs
  artifactKey: Guid(ffac20dc38b1d3d4abb8e444efc7403f) Importer(815301076,1909f56bfc062723c751e8b465ee728b)
Start importing Assets/Scripts/ExitButton.cs using Guid(ffac20dc38b1d3d4abb8e444efc7403f) Importer(815301076,1909f56bfc062723c751e8b465ee728b)  -> (artifact id: 'bc00f15e7fbd612b86ce9092f9e6f01c') in 0.076245 seconds 
========================================================================
Received Prepare
Registering precompiled user dll's ...
Registered in 0.007704 seconds.
Begin MonoManager ReloadAssembly
Native extension for WindowsStandalone target not found
Refreshing native plugins compatible for Editor in 1.30 ms, found 2 plugins.
Preloading 0 native plugins for Editor in 0.00 ms.
Mono: successfully reloaded assembly
- Completed reload, in  1.763 seconds
Platform modules already initialized, skipping
Switching build target platform(19) subTarget(0) extendedPlatform(0) -> platform(13) subTarget(537395200) extendedPlatform(0)
Refreshing native plugins compatible for Editor in 1.00 ms, found 2 plugins.
Preloading 0 native plugins for Editor in 0.00 ms.
Unloading 3480 Unused Serialized files (Serialized files now loaded: 0)
System memory in use before: 131.3 MB.
System memory in use after: 131.5 MB.

Unloading 25 unused Assets to reduce memory usage. Loaded Objects now: 3949.
Total: 3.986400 ms (FindLiveObjects: 0.610900 ms CreateObjectMapping: 0.300600 ms MarkObjects: 3.045000 ms  DeleteObjects: 0.028200 ms)

AssetImportParameters requested are different than current active one (requested -> active):
  custom:graphics/normal-map-encoding: 01000000000000000000000000000000 -> 02000000000000000000000000000000
========================================================================
Received Prepare
Registering precompiled user dll's ...
Registered in 0.010259 seconds.
Begin MonoManager ReloadAssembly
Native extension for WindowsStandalone target not found
Refreshing native plugins compatible for Editor in 1.26 ms, found 2 plugins.
Preloading 0 native plugins for Editor in 0.00 ms.
Mono: successfully reloaded assembly
- Completed reload, in  1.826 seconds
Platform modules already initialized, skipping
Switching build target platform(19) subTarget(0) extendedPlatform(0) -> platform(13) subTarget(537395200) extendedPlatform(0)
Refreshing native plugins compatible for Editor in 1.02 ms, found 2 plugins.
Preloading 0 native plugins for Editor in 0.00 ms.
Unloading 3480 Unused Serialized files (Serialized files now loaded: 0)
System memory in use before: 131.3 MB.
System memory in use after: 131.6 MB.

Unloading 25 unused Assets to reduce memory usage. Loaded Objects now: 3953.
Total: 4.319700 ms (FindLiveObjects: 0.632200 ms CreateObjectMapping: 0.206500 ms MarkObjects: 3.448900 ms  DeleteObjects: 0.030400 ms)

AssetImportParameters requested are different than current active one (requested -> active):
  custom:graphics/normal-map-encoding: 01000000000000000000000000000000 -> 02000000000000000000000000000000
========================================================================
Received Import Request.
  Time since last request: 1032.794432 seconds.
  path: Assets/Scripts/ExitButton.cs
  artifactKey: Guid(ffac20dc38b1d3d4abb8e444efc7403f) Importer(815301076,1909f56bfc062723c751e8b465ee728b)
Start importing Assets/Scripts/ExitButton.cs using Guid(ffac20dc38b1d3d4abb8e444efc7403f) Importer(815301076,1909f56bfc062723c751e8b465ee728b)  -> (artifact id: '5cadae738381593fb8d659419ce7b3cb') in 0.016882 seconds 
========================================================================
Received Prepare
Registering precompiled user dll's ...
Registered in 0.007537 seconds.
Begin MonoManager ReloadAssembly
Native extension for WindowsStandalone target not found
Refreshing native plugins compatible for Editor in 1.08 ms, found 2 plugins.
Preloading 0 native plugins for Editor in 0.00 ms.
Mono: successfully reloaded assembly
- Completed reload, in  1.814 seconds
Platform modules already initialized, skipping
Switching build target platform(19) subTarget(0) extendedPlatform(0) -> platform(13) subTarget(537395200) extendedPlatform(0)
Refreshing native plugins compatible for Editor in 1.06 ms, found 2 plugins.
Preloading 0 native plugins for Editor in 0.00 ms.
Unloading 3480 Unused Serialized files (Serialized files now loaded: 0)
System memory in use before: 131.4 MB.
System memory in use after: 131.6 MB.

Unloading 25 unused Assets to reduce memory usage. Loaded Objects now: 3957.
Total: 4.351800 ms (FindLiveObjects: 0.445200 ms CreateObjectMapping: 0.233700 ms MarkObjects: 3.633300 ms  DeleteObjects: 0.037400 ms)

AssetImportParameters requested are different than current active one (requested -> active):
  custom:graphics/normal-map-encoding: 01000000000000000000000000000000 -> 02000000000000000000000000000000
========================================================================
Received Prepare
Registering precompiled user dll's ...
Registered in 0.011172 seconds.
Begin MonoManager ReloadAssembly
Native extension for WindowsStandalone target not found
Refreshing native plugins compatible for Editor in 1.19 ms, found 2 plugins.
Preloading 0 native plugins for Editor in 0.00 ms.
Mono: successfully reloaded assembly
- Completed reload, in  1.786 seconds
Platform modules already initialized, skipping
Switching build target platform(19) subTarget(0) extendedPlatform(0) -> platform(13) subTarget(537395200) extendedPlatform(0)
Refreshing native plugins compatible for Editor in 1.09 ms, found 2 plugins.
Preloading 0 native plugins for Editor in 0.00 ms.
Unloading 3480 Unused Serialized files (Serialized files now loaded: 0)
System memory in use before: 131.4 MB.
System memory in use after: 131.6 MB.

Unloading 25 unused Assets to reduce memory usage. Loaded Objects now: 3961.
Total: 5.267000 ms (FindLiveObjects: 0.733700 ms CreateObjectMapping: 0.524700 ms MarkObjects: 3.974500 ms  DeleteObjects: 0.031600 ms)

AssetImportParameters requested are different than current active one (requested -> active):
  custom:graphics/normal-map-encoding: 01000000000000000000000000000000 -> 02000000000000000000000000000000
========================================================================
Received Prepare
Registering precompiled user dll's ...
Registered in 0.007173 seconds.
Begin MonoManager ReloadAssembly
Native extension for WindowsStandalone target not found
Refreshing native plugins compatible for Editor in 1.62 ms, found 2 plugins.
Preloading 0 native plugins for Editor in 0.00 ms.
Mono: successfully reloaded assembly
- Completed reload, in  1.941 seconds
Platform modules already initialized, skipping
Switching build target platform(19) subTarget(0) extendedPlatform(0) -> platform(13) subTarget(537395200) extendedPlatform(0)
Refreshing native plugins compatible for Editor in 1.14 ms, found 2 plugins.
Preloading 0 native plugins for Editor in 0.00 ms.
Unloading 3480 Unused Serialized files (Serialized files now loaded: 0)
System memory in use before: 131.4 MB.
System memory in use after: 131.7 MB.

Unloading 25 unused Assets to reduce memory usage. Loaded Objects now: 3965.
Total: 5.715100 ms (FindLiveObjects: 0.819900 ms CreateObjectMapping: 0.452200 ms MarkObjects: 4.403500 ms  DeleteObjects: 0.037400 ms)

AssetImportParameters requested are different than current active one (requested -> active):
  custom:graphics/normal-map-encoding: 01000000000000000000000000000000 -> 02000000000000000000000000000000
========================================================================
Received Prepare
Registering precompiled user dll's ...
Registered in 0.010191 seconds.
Begin MonoManager ReloadAssembly
Native extension for WindowsStandalone target not found
Refreshing native plugins compatible for Editor in 0.99 ms, found 2 plugins.
Preloading 0 native plugins for Editor in 0.00 ms.
Mono: successfully reloaded assembly
- Completed reload, in  1.703 seconds
Platform modules already initialized, skipping
Switching build target platform(19) subTarget(0) extendedPlatform(0) -> platform(13) subTarget(537395200) extendedPlatform(0)
Refreshing native plugins compatible for Editor in 1.03 ms, found 2 plugins.
Preloading 0 native plugins for Editor in 0.00 ms.
Unloading 3480 Unused Serialized files (Serialized files now loaded: 0)
System memory in use before: 131.4 MB.
System memory in use after: 131.7 MB.

Unloading 25 unused Assets to reduce memory usage. Loaded Objects now: 3969.
Total: 4.356800 ms (FindLiveObjects: 0.381100 ms CreateObjectMapping: 0.140600 ms MarkObjects: 3.789800 ms  DeleteObjects: 0.043200 ms)

AssetImportParameters requested are different than current active one (requested -> active):
  custom:graphics/normal-map-encoding: 01000000000000000000000000000000 -> 02000000000000000000000000000000
========================================================================
Received Prepare
Registering precompiled user dll's ...
Registered in 0.008967 seconds.
Begin MonoManager ReloadAssembly
Native extension for WindowsStandalone target not found
Refreshing native plugins compatible for Editor in 1.14 ms, found 2 plugins.
Preloading 0 native plugins for Editor in 0.00 ms.
Mono: successfully reloaded assembly
- Completed reload, in  1.753 seconds
Platform modules already initialized, skipping
Switching build target platform(19) subTarget(0) extendedPlatform(0) -> platform(13) subTarget(537395200) extendedPlatform(0)
Refreshing native plugins compatible for Editor in 1.26 ms, found 2 plugins.
Preloading 0 native plugins for Editor in 0.00 ms.
Unloading 3480 Unused Serialized files (Serialized files now loaded: 0)
System memory in use before: 131.4 MB.
System memory in use after: 131.7 MB.

Unloading 25 unused Assets to reduce memory usage. Loaded Objects now: 3973.
Total: 3.683700 ms (FindLiveObjects: 0.378100 ms CreateObjectMapping: 0.104200 ms MarkObjects: 3.167600 ms  DeleteObjects: 0.032000 ms)

AssetImportParameters requested are different than current active one (requested -> active):
  custom:graphics/normal-map-encoding: 01000000000000000000000000000000 -> 02000000000000000000000000000000
========================================================================
Received Prepare
Registering precompiled user dll's ...
Registered in 0.007197 seconds.
Begin MonoManager ReloadAssembly
Native extension for WindowsStandalone target not found
Refreshing native plugins compatible for Editor in 0.98 ms, found 2 plugins.
Preloading 0 native plugins for Editor in 0.00 ms.
Mono: successfully reloaded assembly
- Completed reload, in  1.737 seconds
Platform modules already initialized, skipping
Switching build target platform(19) subTarget(0) extendedPlatform(0) -> platform(13) subTarget(537395200) extendedPlatform(0)
Refreshing native plugins compatible for Editor in 1.76 ms, found 2 plugins.
Preloading 0 native plugins for Editor in 0.00 ms.
Unloading 3480 Unused Serialized files (Serialized files now loaded: 0)
System memory in use before: 131.4 MB.
System memory in use after: 131.7 MB.

Unloading 25 unused Assets to reduce memory usage. Loaded Objects now: 3977.
Total: 3.533800 ms (FindLiveObjects: 0.431100 ms CreateObjectMapping: 0.116700 ms MarkObjects: 2.953900 ms  DeleteObjects: 0.030900 ms)

AssetImportParameters requested are different than current active one (requested -> active):
  custom:graphics/normal-map-encoding: 01000000000000000000000000000000 -> 02000000000000000000000000000000
========================================================================
Received Prepare
Registering precompiled user dll's ...
Registered in 0.010582 seconds.
Begin MonoManager ReloadAssembly
Native extension for WindowsStandalone target not found
Refreshing native plugins compatible for Editor in 1.20 ms, found 2 plugins.
Preloading 0 native plugins for Editor in 0.00 ms.
Mono: successfully reloaded assembly
- Completed reload, in  1.723 seconds
Platform modules already initialized, skipping
Switching build target platform(19) subTarget(0) extendedPlatform(0) -> platform(13) subTarget(537395200) extendedPlatform(0)
Refreshing native plugins compatible for Editor in 1.08 ms, found 2 plugins.
Preloading 0 native plugins for Editor in 0.00 ms.
Unloading 3480 Unused Serialized files (Serialized files now loaded: 0)
System memory in use before: 131.5 MB.
System memory in use after: 131.7 MB.

Unloading 25 unused Assets to reduce memory usage. Loaded Objects now: 3981.
Total: 4.768400 ms (FindLiveObjects: 1.151700 ms CreateObjectMapping: 0.205800 ms MarkObjects: 3.378000 ms  DeleteObjects: 0.030900 ms)

AssetImportParameters requested are different than current active one (requested -> active):
  custom:graphics/normal-map-encoding: 01000000000000000000000000000000 -> 02000000000000000000000000000000
========================================================================
Received Prepare
Registering precompiled user dll's ...
Registered in 0.011014 seconds.
Begin MonoManager ReloadAssembly
Native extension for WindowsStandalone target not found
Refreshing native plugins compatible for Editor in 2.04 ms, found 2 plugins.
Preloading 0 native plugins for Editor in 0.00 ms.
Mono: successfully reloaded assembly
- Completed reload, in  2.463 seconds
Platform modules already initialized, skipping
Switching build target platform(19) subTarget(0) extendedPlatform(0) -> platform(13) subTarget(537395200) extendedPlatform(0)
Refreshing native plugins compatible for Editor in 1.09 ms, found 2 plugins.
Preloading 0 native plugins for Editor in 0.00 ms.
Unloading 3480 Unused Serialized files (Serialized files now loaded: 0)
System memory in use before: 131.5 MB.
System memory in use after: 131.7 MB.

Unloading 25 unused Assets to reduce memory usage. Loaded Objects now: 3985.
Total: 4.996500 ms (FindLiveObjects: 0.443000 ms CreateObjectMapping: 0.181400 ms MarkObjects: 4.332600 ms  DeleteObjects: 0.037400 ms)

AssetImportParameters requested are different than current active one (requested -> active):
  custom:graphics/normal-map-encoding: 01000000000000000000000000000000 -> 02000000000000000000000000000000
========================================================================
Received Prepare
Registering precompiled user dll's ...
Registered in 0.006806 seconds.
Begin MonoManager ReloadAssembly
Native extension for WindowsStandalone target not found
Refreshing native plugins compatible for Editor in 1.15 ms, found 2 plugins.
Preloading 0 native plugins for Editor in 0.00 ms.
Mono: successfully reloaded assembly
- Completed reload, in  1.913 seconds
Platform modules already initialized, skipping
Switching build target platform(19) subTarget(0) extendedPlatform(0) -> platform(13) subTarget(537395200) extendedPlatform(0)
Refreshing native plugins compatible for Editor in 1.05 ms, found 2 plugins.
Preloading 0 native plugins for Editor in 0.00 ms.
Unloading 3480 Unused Serialized files (Serialized files now loaded: 0)
System memory in use before: 131.5 MB.
System memory in use after: 131.7 MB.

Unloading 25 unused Assets to reduce memory usage. Loaded Objects now: 3989.
Total: 3.679200 ms (FindLiveObjects: 0.392300 ms CreateObjectMapping: 0.193000 ms MarkObjects: 3.065800 ms  DeleteObjects: 0.026700 ms)

AssetImportParameters requested are different than current active one (requested -> active):
  custom:graphics/normal-map-encoding: 01000000000000000000000000000000 -> 02000000000000000000000000000000
========================================================================
Received Import Request.
  Time since last request: 1170.589490 seconds.
  path: Assets/Scenes/Auto.unity
  artifactKey: Guid(35b0aefe95ad9f147aebf92b038d2378) Importer(815301076,1909f56bfc062723c751e8b465ee728b)
Start importing Assets/Scenes/Auto.unity using Guid(35b0aefe95ad9f147aebf92b038d2378) Importer(815301076,1909f56bfc062723c751e8b465ee728b)  -> (artifact id: 'fed17c1caf27bceb970bf1c5d1f4edbd') in 0.031808 seconds 
========================================================================
Received Prepare
Registering precompiled user dll's ...
Registered in 0.007297 seconds.
Begin MonoManager ReloadAssembly
Native extension for WindowsStandalone target not found
Refreshing native plugins compatible for Editor in 1.03 ms, found 2 plugins.
Preloading 0 native plugins for Editor in 0.00 ms.
Mono: successfully reloaded assembly
- Completed reload, in  1.810 seconds
Platform modules already initialized, skipping
Switching build target platform(19) subTarget(0) extendedPlatform(0) -> platform(13) subTarget(537395200) extendedPlatform(0)
Refreshing native plugins compatible for Editor in 1.00 ms, found 2 plugins.
Preloading 0 native plugins for Editor in 0.00 ms.
Unloading 3480 Unused Serialized files (Serialized files now loaded: 0)
System memory in use before: 131.5 MB.
System memory in use after: 131.7 MB.

Unloading 25 unused Assets to reduce memory usage. Loaded Objects now: 3993.
Total: 4.951800 ms (FindLiveObjects: 0.781700 ms CreateObjectMapping: 0.314700 ms MarkObjects: 3.821000 ms  DeleteObjects: 0.032600 ms)

AssetImportParameters requested are different than current active one (requested -> active):
  custom:graphics/normal-map-encoding: 01000000000000000000000000000000 -> 02000000000000000000000000000000
========================================================================
Received Import Request.
  Time since last request: 65.608326 seconds.
  path: Assets/Scenes/Teleop.unity
  artifactKey: Guid(87187dd8ceb7fc24591adf49d000420a) Importer(815301076,1909f56bfc062723c751e8b465ee728b)
Start importing Assets/Scenes/Teleop.unity using Guid(87187dd8ceb7fc24591adf49d000420a) Importer(815301076,1909f56bfc062723c751e8b465ee728b)  -> (artifact id: 'e4749cc9b12a0f973dfef5ce2f405fb2') in 0.035574 seconds 
========================================================================
Received Prepare
Registering precompiled user dll's ...
Registered in 0.006936 seconds.
Begin MonoManager ReloadAssembly
Native extension for WindowsStandalone target not found
Refreshing native plugins compatible for Editor in 1.26 ms, found 2 plugins.
Preloading 0 native plugins for Editor in 0.00 ms.
Mono: successfully reloaded assembly
- Completed reload, in  1.698 seconds
Platform modules already initialized, skipping
Switching build target platform(19) subTarget(0) extendedPlatform(0) -> platform(13) subTarget(537395200) extendedPlatform(0)
Refreshing native plugins compatible for Editor in 1.21 ms, found 2 plugins.
Preloading 0 native plugins for Editor in 0.00 ms.
Unloading 3480 Unused Serialized files (Serialized files now loaded: 0)
System memory in use before: 131.5 MB.
System memory in use after: 131.7 MB.

Unloading 25 unused Assets to reduce memory usage. Loaded Objects now: 3997.
Total: 4.342800 ms (FindLiveObjects: 0.532900 ms CreateObjectMapping: 0.318000 ms MarkObjects: 3.455400 ms  DeleteObjects: 0.034000 ms)

AssetImportParameters requested are different than current active one (requested -> active):
  custom:graphics/normal-map-encoding: 01000000000000000000000000000000 -> 02000000000000000000000000000000
========================================================================
Received Import Request.
  Time since last request: 207.539476 seconds.
  path: Assets/Scenes/Teleop.unity
  artifactKey: Guid(87187dd8ceb7fc24591adf49d000420a) Importer(815301076,1909f56bfc062723c751e8b465ee728b)
Start importing Assets/Scenes/Teleop.unity using Guid(87187dd8ceb7fc24591adf49d000420a) Importer(815301076,1909f56bfc062723c751e8b465ee728b)  -> (artifact id: '099cefecdf963ed11fe025f64aefa2fe') in 0.032103 seconds 
========================================================================
Received Import Request.
  Time since last request: 1.396851 seconds.
  path: Assets/Scenes/Auto.unity
  artifactKey: Guid(35b0aefe95ad9f147aebf92b038d2378) Importer(815301076,1909f56bfc062723c751e8b465ee728b)
Start importing Assets/Scenes/Auto.unity using Guid(35b0aefe95ad9f147aebf92b038d2378) Importer(815301076,1909f56bfc062723c751e8b465ee728b)  -> (artifact id: 'f0fd37c9ca55e24ce516d72ce0b29e7c') in 0.012216 seconds 
========================================================================
Received Import Request.
  Time since last request: 19.013974 seconds.
  path: Assets/Scenes/Auto.unity
  artifactKey: Guid(35b0aefe95ad9f147aebf92b038d2378) Importer(815301076,1909f56bfc062723c751e8b465ee728b)
Start importing Assets/Scenes/Auto.unity using Guid(35b0aefe95ad9f147aebf92b038d2378) Importer(815301076,1909f56bfc062723c751e8b465ee728b)  -> (artifact id: '3c790e0d5a86fb9022a2cc34dbfbf2d6') in 0.014560 seconds 
AssetImportWorkerClient::OnTransportError - code=2 error=End of file
